2025-03-23 10:32:32,314 – src.scraper – INFO: 🕵️‍♂️ Начало скрапинга: https://goldapple.ru/parfjumerija | Будет обработано страниц: 20
2025-03-23 10:35:36,560 – src.scraper – INFO: ✅ html страницы получен: https://goldapple.ru/parfjumerija | Время: 3.07 мин.
2025-03-23 10:35:44,914 – src.scraper – INFO: ✅ Успешно: https://goldapple.ru/19000383938-confidence | Время: 7.85 сек.
2025-03-23 10:35:52,009 – src.scraper – INFO: ✅ Успешно: https://goldapple.ru/19000299372-onice | Время: 7.1 сек.
2025-03-23 10:35:59,445 – src.scraper – INFO: ✅ Успешно: https://goldapple.ru/19000257262-bois-imperial-refillable-limited-edition | Время: 7.44 сек.
2025-03-23 10:36:07,166 – src.scraper – INFO: ✅ Успешно: https://goldapple.ru/19760310036-l-ame-slave | Время: 7.72 сек.
2025-03-23 10:36:14,223 – src.scraper – INFO: ✅ Успешно: https://goldapple.ru/19000152452-of-the-wild | Время: 7.06 сек.
2025-03-23 10:36:20,913 – src.scraper – INFO: ✅ Успешно: https://goldapple.ru/19000004549-perfume-vanilla-blend | Время: 6.69 сек.
2025-03-23 10:36:28,239 – src.scraper – INFO: ✅ Успешно: https://goldapple.ru/19000215475 | Время: 7.33 сек.
2025-03-23 10:36:35,499 – src.scraper – INFO: ✅ Успешно: https://goldapple.ru/19000288004-java-haze | Время: 7.26 сек.
2025-03-23 10:36:42,637 – src.scraper – INFO: ✅ Успешно: https://goldapple.ru/19000136062-bois-imperial-by-quentin-bisch | Время: 7.14 сек.
2025-03-23 10:36:49,790 – src.scraper – INFO: ✅ Успешно: https://goldapple.ru/19000196110-arilli-di-melagrana | Время: 7.15 сек.
2025-03-23 10:36:56,910 – src.scraper – INFO: ✅ Успешно: https://goldapple.ru/19000008797-travel-set-plush-onsen-voodoo | Время: 7.12 сек.
2025-03-23 10:37:04,018 – src.scraper – INFO: ✅ Успешно: https://goldapple.ru/19000208702-beso-feliz | Время: 7.11 сек.
2025-03-23 10:37:11,151 – src.scraper – INFO: ✅ Успешно: https://goldapple.ru/19000235110-eden-the-absolute-happiness | Время: 7.13 сек.
2025-03-23 10:37:18,236 – src.scraper – INFO: ✅ Успешно: https://goldapple.ru/19000008796-travel-set-coda | Время: 7.08 сек.
2025-03-23 10:37:25,204 – src.scraper – INFO: ✅ Успешно: https://goldapple.ru/19000010966-allegra-fantasia-veneta | Время: 6.97 сек.
2025-03-23 10:37:32,289 – src.scraper – INFO: ✅ Успешно: https://goldapple.ru/19000295856-nutmeg-leather-vanilla-sinij | Время: 7.08 сек.
2025-03-23 10:37:39,474 – src.scraper – INFO: ✅ Успешно: https://goldapple.ru/19000125771-pleine-lune | Время: 7.18 сек.
2025-03-23 10:37:46,753 – src.scraper – INFO: ✅ Успешно: https://goldapple.ru/19000314069-marli-le-rua | Время: 7.28 сек.
2025-03-23 10:37:53,762 – src.scraper – INFO: ✅ Успешно: https://goldapple.ru/19000092354-nice-bergamote-by-antoine-maisondieu | Время: 7.01 сек.
2025-03-23 10:38:01,838 – src.scraper – INFO: ✅ Успешно: https://goldapple.ru/19000312023-06-vanilla-spark | Время: 8.08 сек.
2025-03-23 10:38:08,953 – src.scraper – INFO: ✅ Успешно: https://goldapple.ru/19000010978-allegra-rock-n-rome | Время: 7.12 сек.
2025-03-23 10:38:16,006 – src.scraper – INFO: ✅ Успешно: https://goldapple.ru/83810100017-voodoo | Время: 7.05 сек.
2025-03-23 10:38:23,077 – src.scraper – INFO: ✅ Успешно: https://goldapple.ru/19000173776-un-matin-a-l-orangerie | Время: 7.07 сек.
2025-03-23 10:38:30,409 – src.scraper – INFO: ✅ Успешно: https://goldapple.ru/19000330343-legends-of-the-wild-west | Время: 7.33 сек.
2025-03-23 10:38:37,702 – src.scraper – INFO: ✅ Успешно: https://goldapple.ru/19000191221-i-want | Время: 7.29 сек.
2025-03-23 10:38:44,813 – src.scraper – INFO: ✅ Успешно: https://goldapple.ru/19000196057-fico-e-pera | Время: 7.11 сек.
2025-03-23 10:38:51,975 – src.scraper – INFO: ✅ Успешно: https://goldapple.ru/19000117842-heliaca | Время: 7.16 сек.
2025-03-23 10:38:59,320 – src.scraper – INFO: ✅ Успешно: https://goldapple.ru/19000236728-tobacco | Время: 7.35 сек.
2025-03-23 10:39:07,160 – src.scraper – INFO: ✅ Успешно: https://goldapple.ru/19000059096-cirrus-leather | Время: 7.84 сек.
2025-03-23 10:39:14,411 – src.scraper – INFO: ✅ Успешно: https://goldapple.ru/19000247263-supul-silky-body-lotion | Время: 7.25 сек.
2025-03-23 10:39:21,588 – src.scraper – INFO: ✅ Успешно: https://goldapple.ru/19000125244-the-pleasure | Время: 7.18 сек.
2025-03-23 10:39:29,009 – src.scraper – INFO: ✅ Успешно: https://goldapple.ru/19760328382-stardust | Время: 7.42 сек.
2025-03-23 10:39:36,267 – src.scraper – INFO: ✅ Успешно: https://goldapple.ru/19760313142-dark-cherry-amber | Время: 7.26 сек.
2025-03-23 10:39:43,385 – src.scraper – INFO: ✅ Успешно: https://goldapple.ru/19000375028-valaya-exclusif | Время: 7.12 сек.
2025-03-23 10:39:50,770 – src.scraper – INFO: ✅ Успешно: https://goldapple.ru/19000239414-late-checkout | Время: 7.38 сек.
2025-03-23 10:39:57,967 – src.scraper – INFO: ✅ Успешно: https://goldapple.ru/19000125769-demain-promis | Время: 7.2 сек.
2025-03-23 10:40:05,276 – src.scraper – INFO: ✅ Успешно: https://goldapple.ru/19000383940-in-the-woods | Время: 7.31 сек.
2025-03-23 10:40:13,538 – src.scraper – INFO: ✅ Успешно: https://goldapple.ru/19000117847-nubica | Время: 8.26 сек.
2025-03-23 10:40:20,569 – src.scraper – INFO: ✅ Успешно: https://goldapple.ru/99000000279-rozovoe-sampanskoe | Время: 7.03 сек.
2025-03-23 10:40:28,036 – src.scraper – INFO: ✅ Успешно: https://goldapple.ru/19760310033-voluptuous-seduction | Время: 7.47 сек.
2025-03-23 10:40:35,275 – src.scraper – INFO: ✅ Успешно: https://goldapple.ru/99000019865-peony-s-aria | Время: 7.24 сек.
2025-03-23 10:40:42,397 – src.scraper – INFO: ✅ Успешно: https://goldapple.ru/19000345441-yama-rouge | Время: 7.12 сек.
2025-03-23 10:40:49,545 – src.scraper – INFO: ✅ Успешно: https://goldapple.ru/19000027003-tiare | Время: 7.15 сек.
2025-03-23 10:40:56,845 – src.scraper – INFO: ✅ Успешно: https://goldapple.ru/83800200004-rose-magnetic | Время: 7.3 сек.
2025-03-23 10:41:04,128 – src.scraper – INFO: ✅ Успешно: https://goldapple.ru/19000196050-champagne-e-bacche-di-rosa | Время: 7.28 сек.
2025-03-23 10:41:12,438 – src.scraper – INFO: ✅ Успешно: https://goldapple.ru/19000203077-cedre | Время: 8.31 сек.
2025-03-23 10:41:19,616 – src.scraper – INFO: ✅ Успешно: https://goldapple.ru/19000214428-gold-hair-perfume | Время: 7.18 сек.
2025-03-23 10:41:26,766 – src.scraper – INFO: ✅ Успешно: https://goldapple.ru/19000201883-raffaello | Время: 7.15 сек.
2025-03-23 10:41:34,007 – src.scraper – INFO: ✅ Успешно: https://goldapple.ru/19000148363-fig-infusion | Время: 7.24 сек.
2025-03-23 10:41:42,304 – src.scraper – INFO: ✅ Успешно: https://goldapple.ru/19000004553-black-pepper-amber-neroli | Время: 8.3 сек.
2025-03-23 10:41:49,506 – src.scraper – INFO: ✅ Успешно: https://goldapple.ru/19000321542-incenso-imperiale | Время: 7.2 сек.
2025-03-23 10:41:57,653 – src.scraper – INFO: ✅ Успешно: https://goldapple.ru/19000026986-fleur-de-coton | Время: 8.15 сек.
2025-03-23 10:42:04,980 – src.scraper – INFO: ✅ Успешно: https://goldapple.ru/83810100004-shaman | Время: 7.33 сек.
2025-03-23 10:42:12,277 – src.scraper – INFO: ✅ Успешно: https://goldapple.ru/19000156531-verona | Время: 7.3 сек.
2025-03-23 10:42:19,450 – src.scraper – INFO: ✅ Успешно: https://goldapple.ru/19000125894-my-mantra | Время: 7.17 сек.
2025-03-23 10:42:26,784 – src.scraper – INFO: ✅ Успешно: https://goldapple.ru/19000182852-all-seasons-white-rhino | Время: 7.33 сек.
2025-03-23 10:42:33,960 – src.scraper – INFO: ✅ Успешно: https://goldapple.ru/24863500001-212vip-black | Время: 7.18 сек.
2025-03-23 10:42:41,456 – src.scraper – INFO: ✅ Успешно: https://goldapple.ru/19000244574-astronomy-domine | Время: 7.5 сек.
2025-03-23 10:42:48,533 – src.scraper – INFO: ✅ Успешно: https://goldapple.ru/19000117831-aqua-mysteri | Время: 7.08 сек.
2025-03-23 10:42:55,393 – src.scraper – INFO: ✅ Успешно: https://goldapple.ru/19000012429-study-23 | Время: 6.86 сек.
2025-03-23 10:43:03,234 – src.scraper – INFO: ✅ Успешно: https://goldapple.ru/19000238659-spontaneous-generosity | Время: 7.84 сек.
2025-03-23 10:43:11,853 – src.scraper – INFO: ✅ Успешно: https://goldapple.ru/19000358610-daisy-wild | Время: 8.62 сек.
2025-03-23 10:43:18,989 – src.scraper – INFO: ✅ Успешно: https://goldapple.ru/83800100001-orange-x-santal | Время: 7.14 сек.
2025-03-23 10:43:26,159 – src.scraper – INFO: ✅ Успешно: https://goldapple.ru/19000175199-bois-de-santal-candle | Время: 7.17 сек.
2025-03-23 10:43:33,489 – src.scraper – INFO: ✅ Успешно: https://goldapple.ru/19000117858-porto-bello | Время: 7.33 сек.
2025-03-23 10:43:40,501 – src.scraper – INFO: ✅ Успешно: https://goldapple.ru/19000215487 | Время: 7.01 сек.
2025-03-23 10:43:47,678 – src.scraper – INFO: ✅ Успешно: https://goldapple.ru/19000157451-orgasm | Время: 7.18 сек.
2025-03-23 10:43:54,727 – src.scraper – INFO: ✅ Успешно: https://goldapple.ru/26375300002-lost-cherry | Время: 7.05 сек.
2025-03-23 10:44:02,453 – src.scraper – INFO: ✅ Успешно: https://goldapple.ru/19000148357-nice-bergamote-by-antoine-maisondieu | Время: 7.73 сек.
2025-03-23 10:44:09,573 – src.scraper – INFO: ✅ Успешно: https://goldapple.ru/19000117850-theria | Время: 7.12 сек.
2025-03-23 10:44:16,800 – src.scraper – INFO: ✅ Успешно: https://goldapple.ru/19000102327-kiss-my-name | Время: 7.23 сек.
2025-03-23 10:44:24,484 – src.scraper – INFO: ✅ Успешно: https://goldapple.ru/19000210504-butterfly-mind | Время: 7.68 сек.
2025-03-23 10:44:31,621 – src.scraper – INFO: ✅ Успешно: https://goldapple.ru/19000292526-no03-vermouth-home-fragrance | Время: 7.14 сек.
2025-03-23 10:44:38,791 – src.scraper – INFO: ✅ Успешно: https://goldapple.ru/83810100018-astronomy-domine | Время: 7.17 сек.
2025-03-23 10:44:46,281 – src.scraper – INFO: ✅ Успешно: https://goldapple.ru/19000269137-lait-corps-parfume-neroli-dete | Время: 7.49 сек.
2025-03-23 10:44:54,268 – src.scraper – INFO: ✅ Успешно: https://goldapple.ru/19000321552-verde-lorena | Время: 7.99 сек.
2025-03-23 10:45:01,168 – src.scraper – INFO: ✅ Успешно: https://goldapple.ru/19000349128-brown-svezee-bel-e | Время: 6.9 сек.
2025-03-23 10:45:08,963 – src.scraper – INFO: ✅ Успешно: https://goldapple.ru/19000026988-fleur-de-jasmin | Время: 7.79 сек.
2025-03-23 10:45:16,164 – src.scraper – INFO: ✅ Успешно: https://goldapple.ru/19000196127-divino-bianco-90-anniversario | Время: 7.2 сек.
2025-03-23 10:45:23,409 – src.scraper – INFO: ✅ Успешно: https://goldapple.ru/19000251111-experimental | Время: 7.25 сек.
2025-03-23 10:45:31,277 – src.scraper – INFO: ✅ Успешно: https://goldapple.ru/32110200005-moschino-toy2 | Время: 7.87 сек.
2025-03-23 10:45:38,990 – src.scraper – INFO: ✅ Успешно: https://goldapple.ru/19000173788-une-sieste-dans-la-bastide-ensoleillee | Время: 7.71 сек.
2025-03-23 10:45:45,792 – src.scraper – INFO: ✅ Успешно: https://goldapple.ru/19000300859-honey-bourbon | Время: 6.8 сек.
2025-03-23 10:45:53,396 – src.scraper – INFO: ✅ Успешно: https://goldapple.ru/19000140857-strawberry-banana | Время: 7.6 сек.
2025-03-23 10:46:00,433 – src.scraper – INFO: ✅ Успешно: https://goldapple.ru/19000117827-aqua-millefolia | Время: 7.04 сек.
2025-03-23 10:46:07,266 – src.scraper – INFO: ✅ Успешно: https://goldapple.ru/19000161479-eywa-blessings-from-nature | Время: 6.83 сек.
2025-03-23 10:46:14,806 – src.scraper – INFO: ✅ Успешно: https://goldapple.ru/19000291172-8-days-a-week | Время: 7.54 сек.
2025-03-23 10:46:21,869 – src.scraper – INFO: ✅ Успешно: https://goldapple.ru/26140100012-vanille | Время: 7.06 сек.
2025-03-23 10:46:28,741 – src.scraper – INFO: ✅ Успешно: https://goldapple.ru/19000300862-vino-rosso | Время: 6.87 сек.
2025-03-23 10:46:36,159 – src.scraper – INFO: ✅ Успешно: https://goldapple.ru/19000259552-parisian-oud | Время: 7.42 сек.
2025-03-23 10:46:43,454 – src.scraper – INFO: ✅ Успешно: https://goldapple.ru/19000019544-peach-passion-fruit-musk | Время: 7.29 сек.
2025-03-23 10:46:50,554 – src.scraper – INFO: ✅ Успешно: https://goldapple.ru/26140100008-tobacco | Время: 7.1 сек.
2025-03-23 10:46:57,587 – src.scraper – INFO: ✅ Успешно: https://goldapple.ru/19000139404-eau-de-parfum-citopia | Время: 7.03 сек.
2025-03-23 10:47:03,099 – src.scraper – WARNING: ❎ Ошибка: https://goldapple.ru/19000156561-capri | Исключение: 'NoneType' object has no attribute 'next_element'
2025-03-23 10:47:08,427 – src.scraper – WARNING: ❎ Ошибка: https://goldapple.ru/19000213766-solution-no-2 | Исключение: 'NoneType' object has no attribute 'next_element'
2025-03-23 10:47:16,954 – src.scraper – INFO: ✅ Успешно: https://goldapple.ru/19000300857-tobacco-vanilla | Время: 8.53 сек.
2025-03-23 10:47:23,798 – src.scraper – INFO: ✅ Успешно: https://goldapple.ru/19000131341-porto-di-amalfi | Время: 6.84 сек.
2025-03-23 10:47:31,312 – src.scraper – INFO: ✅ Успешно: https://goldapple.ru/19000291065-fanfarone-italiano | Время: 7.51 сек.
2025-03-23 10:47:38,562 – src.scraper – INFO: ✅ Успешно: https://goldapple.ru/26142500001-sugar | Время: 7.25 сек.
2025-03-23 10:47:45,779 – src.scraper – INFO: ✅ Успешно: https://goldapple.ru/99000059944-piemaggio | Время: 7.22 сек.
2025-03-23 10:47:52,644 – src.scraper – INFO: ✅ Успешно: https://goldapple.ru/19000274359-bohemian-tea | Время: 6.87 сек.
2025-03-23 10:47:59,765 – src.scraper – INFO: ✅ Успешно: https://goldapple.ru/19000152685-aura-soleil | Время: 7.12 сек.
2025-03-23 10:48:07,526 – src.scraper – INFO: ✅ Успешно: https://goldapple.ru/19000011051-flora-gorgeous-gardenia | Время: 7.76 сек.
2025-03-23 10:48:14,786 – src.scraper – INFO: ✅ Успешно: https://goldapple.ru/19000178403-chypre-cosmic | Время: 7.26 сек.
2025-03-23 10:48:21,930 – src.scraper – INFO: ✅ Успешно: https://goldapple.ru/19000321412-tabacco-1815 | Время: 7.14 сек.
2025-03-23 10:48:30,111 – src.scraper – INFO: ✅ Успешно: https://goldapple.ru/19000215491 | Время: 8.18 сек.
2025-03-23 10:48:37,118 – src.scraper – INFO: ✅ Успешно: https://goldapple.ru/19000131319-havana-cafe | Время: 7.01 сек.
2025-03-23 10:48:44,655 – src.scraper – INFO: ✅ Успешно: https://goldapple.ru/99000059941-caucasian-legends | Время: 7.54 сек.
2025-03-23 10:48:51,669 – src.scraper – INFO: ✅ Успешно: https://goldapple.ru/19000334829-cherry-amber | Время: 7.01 сек.
2025-03-23 10:48:58,657 – src.scraper – INFO: ✅ Успешно: https://goldapple.ru/19000269136-douche-parfumee-neroli-dete | Время: 6.99 сек.
2025-03-23 10:49:05,830 – src.scraper – INFO: ✅ Успешно: https://goldapple.ru/19000334802-self-made | Время: 7.17 сек.
2025-03-23 10:49:13,474 – src.scraper – INFO: ✅ Успешно: https://goldapple.ru/99000061955-piemaggio | Время: 7.64 сек.
2025-03-23 10:49:20,768 – src.scraper – INFO: ✅ Успешно: https://goldapple.ru/24863300003-good-girl | Время: 7.29 сек.
2025-03-23 10:49:27,896 – src.scraper – INFO: ✅ Успешно: https://goldapple.ru/19000178398-neroliberee | Время: 7.13 сек.
2025-03-23 10:49:34,950 – src.scraper – INFO: ✅ Успешно: https://goldapple.ru/83670200003-creative-inspiration | Время: 7.05 сек.
2025-03-23 10:49:41,787 – src.scraper – INFO: ✅ Успешно: https://goldapple.ru/19000225166-santal-basmati-deluxe-wood-coffret | Время: 6.84 сек.
2025-03-23 10:49:48,907 – src.scraper – INFO: ✅ Успешно: https://goldapple.ru/19000169732-blackstar-new | Время: 7.12 сек.
2025-03-23 10:49:56,001 – src.scraper – INFO: ✅ Успешно: https://goldapple.ru/19000139510-assolo | Время: 7.09 сек.
2025-03-23 10:50:03,163 – src.scraper – INFO: ✅ Успешно: https://goldapple.ru/19760336599-ginza-eau-de-parfum | Время: 7.16 сек.
2025-03-23 10:50:11,484 – src.scraper – INFO: ✅ Успешно: https://goldapple.ru/19000147941-aqua-mahana | Время: 8.32 сек.
2025-03-23 10:50:18,678 – src.scraper – INFO: ✅ Успешно: https://goldapple.ru/19000316441-niche-perfume-hand-cream-miniature-gift-set | Время: 7.19 сек.
2025-03-23 10:50:25,915 – src.scraper – INFO: ✅ Успешно: https://goldapple.ru/19000060204-tobacco-vanilla | Время: 7.24 сек.
2025-03-23 10:50:33,661 – src.scraper – INFO: ✅ Успешно: https://goldapple.ru/19000017117-solo-ella | Время: 7.75 сек.
2025-03-23 10:50:40,417 – src.scraper – INFO: ✅ Успешно: https://goldapple.ru/19760310038-french-gallantry | Время: 6.76 сек.
2025-03-23 10:50:47,501 – src.scraper – INFO: ✅ Успешно: https://goldapple.ru/19000152730-pink-pepper-elemi-cinnamon-leather | Время: 7.08 сек.
2025-03-23 10:50:54,861 – src.scraper – INFO: ✅ Успешно: https://goldapple.ru/19000125955-secret-of-success | Время: 7.36 сек.
2025-03-23 10:51:02,137 – src.scraper – INFO: ✅ Успешно: https://goldapple.ru/19000059341-jtc-don | Время: 7.28 сек.
2025-03-23 10:51:09,185 – src.scraper – INFO: ✅ Успешно: https://goldapple.ru/19000152129-fame | Время: 7.05 сек.
2025-03-23 10:51:16,237 – src.scraper – INFO: ✅ Успешно: https://goldapple.ru/19000215485 | Время: 7.05 сек.
2025-03-23 10:51:24,226 – src.scraper – INFO: ✅ Успешно: https://goldapple.ru/7192400021-sauvage | Время: 7.99 сек.
2025-03-23 10:51:35,035 – src.scraper – INFO: ✅ Успешно: https://goldapple.ru/7300600007-cheap-and-chic-i-love-love | Время: 10.81 сек.
2025-03-23 10:51:42,037 – src.scraper – INFO: ✅ Успешно: https://goldapple.ru/19000225167-cedre-iris-deluxe-wood-coffret | Время: 7.0 сек.
2025-03-23 10:51:49,189 – src.scraper – INFO: ✅ Успешно: https://goldapple.ru/19000312024-06-vanilla-spark | Время: 7.15 сек.
2025-03-23 10:51:56,314 – src.scraper – INFO: ✅ Успешно: https://goldapple.ru/19000215483 | Время: 7.12 сек.
2025-03-23 10:52:03,430 – src.scraper – INFO: ✅ Успешно: https://goldapple.ru/19000298022-white-wine-tonka | Время: 7.12 сек.
2025-03-23 10:52:10,895 – src.scraper – INFO: ✅ Успешно: https://goldapple.ru/19000203048-blue-talisman | Время: 7.47 сек.
2025-03-23 10:52:17,994 – src.scraper – INFO: ✅ Успешно: https://goldapple.ru/19000136061-divine-vanille-by-olivier-pescheux | Время: 7.1 сек.
2025-03-23 10:52:25,027 – src.scraper – INFO: ✅ Успешно: https://goldapple.ru/19000344546-boia | Время: 7.03 сек.
2025-03-23 10:52:32,411 – src.scraper – INFO: ✅ Успешно: https://goldapple.ru/19000375080-spiky-muse | Время: 7.38 сек.
2025-03-23 10:52:39,626 – src.scraper – INFO: ✅ Успешно: https://goldapple.ru/90151200005-vanilla-blend | Время: 7.22 сек.
2025-03-23 10:52:46,661 – src.scraper – INFO: ✅ Успешно: https://goldapple.ru/19000178399-irisistible | Время: 7.03 сек.
2025-03-23 10:52:53,654 – src.scraper – INFO: ✅ Успешно: https://goldapple.ru/19760310045-spontaneous-generosity | Время: 6.99 сек.
2025-03-23 10:53:00,868 – src.scraper – INFO: ✅ Успешно: https://goldapple.ru/19000131359-into-the-wilderness | Время: 7.21 сек.
2025-03-23 10:53:08,163 – src.scraper – INFO: ✅ Успешно: https://goldapple.ru/83710100007-woody-perfecto-107 | Время: 7.29 сек.
2025-03-23 10:53:15,364 – src.scraper – INFO: ✅ Успешно: https://goldapple.ru/19760302793-irresistible | Время: 7.2 сек.
2025-03-23 10:53:22,677 – src.scraper – INFO: ✅ Успешно: https://goldapple.ru/19000247264-yonnseul-silky-body-lotion | Время: 7.31 сек.
2025-03-23 10:53:30,857 – src.scraper – INFO: ✅ Успешно: https://goldapple.ru/26370700006-tobacco-vanille | Время: 8.18 сек.
2025-03-23 10:53:38,079 – src.scraper – INFO: ✅ Успешно: https://goldapple.ru/19000196048-albicocca-e-basilico | Время: 7.22 сек.
2025-03-23 10:53:45,411 – src.scraper – INFO: ✅ Успешно: https://goldapple.ru/19000136060-the-musc-by-calice-becker | Время: 7.33 сек.
2025-03-23 10:53:52,761 – src.scraper – INFO: ✅ Успешно: https://goldapple.ru/19000013338-phantom | Время: 7.35 сек.
2025-03-23 10:54:00,754 – src.scraper – INFO: ✅ Успешно: https://goldapple.ru/19000060263-apple-lotus | Время: 7.99 сек.
2025-03-23 10:54:08,075 – src.scraper – INFO: ✅ Успешно: https://goldapple.ru/19000301045-fiery-fig-24-05 | Время: 7.32 сек.
2025-03-23 10:54:15,249 – src.scraper – INFO: ✅ Успешно: https://goldapple.ru/19000321483-home-joyful-atmosphere | Время: 7.17 сек.
2025-03-23 10:54:22,449 – src.scraper – INFO: ✅ Успешно: https://goldapple.ru/19000138440-dylan-purple-pour-femme | Время: 7.2 сек.
2025-03-23 10:54:29,533 – src.scraper – INFO: ✅ Успешно: https://goldapple.ru/19000148355-fig-infusion | Время: 7.08 сек.
2025-03-23 10:54:36,852 – src.scraper – INFO: ✅ Успешно: https://goldapple.ru/19000027008-ylang | Время: 7.32 сек.
2025-03-23 10:54:43,895 – src.scraper – INFO: ✅ Успешно: https://goldapple.ru/19000246952 | Время: 7.04 сек.
2025-03-23 10:54:51,103 – src.scraper – INFO: ✅ Успешно: https://goldapple.ru/19000178406-vethiver-d-ete | Время: 7.21 сек.
2025-03-23 10:54:57,986 – src.scraper – INFO: ✅ Успешно: https://goldapple.ru/19000196135-peonia | Время: 6.88 сек.
2025-03-23 10:55:05,277 – src.scraper – INFO: ✅ Успешно: https://goldapple.ru/19000274353-confidence | Время: 7.29 сек.
2025-03-23 10:55:12,436 – src.scraper – INFO: ✅ Успешно: https://goldapple.ru/19000027001-the-blanc | Время: 7.16 сек.
2025-03-23 10:55:19,701 – src.scraper – INFO: ✅ Успешно: https://goldapple.ru/19000324239-l-interdit-absolu | Время: 7.26 сек.
2025-03-23 10:55:26,699 – src.scraper – INFO: ✅ Успешно: https://goldapple.ru/90151200002-black-pepper-amber-neroli | Время: 7.0 сек.
2025-03-23 10:55:33,585 – src.scraper – INFO: ✅ Успешно: https://goldapple.ru/19000117863-tinhare | Время: 6.88 сек.
2025-03-23 10:55:40,695 – src.scraper – INFO: ✅ Успешно: https://goldapple.ru/26044600002-green-patchouli | Время: 7.11 сек.
2025-03-23 10:55:47,814 – src.scraper – INFO: ✅ Успешно: https://goldapple.ru/90150600001-black-pepper-amber-neroli | Время: 7.12 сек.
2025-03-23 10:55:54,614 – src.scraper – INFO: ✅ Успешно: https://goldapple.ru/19000360575-le-male-elixir-absolu | Время: 6.8 сек.
2025-03-23 10:56:01,778 – src.scraper – INFO: ✅ Успешно: https://goldapple.ru/26142100002-angie | Время: 7.16 сек.
2025-03-23 10:56:08,816 – src.scraper – INFO: ✅ Успешно: https://goldapple.ru/19000140851-rose-cacao | Время: 7.04 сек.
2025-03-23 10:56:16,757 – src.scraper – INFO: ✅ Успешно: https://goldapple.ru/19000200199-blond-redhead-16-11 | Время: 7.94 сек.
2025-03-23 10:56:23,793 – src.scraper – INFO: ✅ Успешно: https://goldapple.ru/19000015892-le-beau | Время: 7.04 сек.
2025-03-23 10:56:31,063 – src.scraper – INFO: ✅ Успешно: https://goldapple.ru/7430100016-versense | Время: 7.27 сек.
2025-03-23 10:56:39,398 – src.scraper – INFO: ✅ Успешно: https://goldapple.ru/19000312027-07-salty-salt | Время: 8.34 сек.
2025-03-23 10:56:46,347 – src.scraper – INFO: ✅ Успешно: https://goldapple.ru/19000060208-neroli-jasmine | Время: 6.95 сек.
2025-03-23 10:56:53,570 – src.scraper – INFO: ✅ Успешно: https://goldapple.ru/7274400003-aqua-kenzo-pour-femme | Время: 7.22 сек.
2025-03-23 10:57:00,648 – src.scraper – INFO: ✅ Успешно: https://goldapple.ru/19000253144-wildbloom-vert | Время: 7.08 сек.
2025-03-23 10:57:07,912 – src.scraper – INFO: ✅ Успешно: https://goldapple.ru/19000078009-base-rose-fruits | Время: 7.26 сек.
2025-03-23 10:57:15,176 – src.scraper – INFO: ✅ Успешно: https://goldapple.ru/26144300001-vinyl | Время: 7.26 сек.
2025-03-23 10:57:22,239 – src.scraper – INFO: ✅ Успешно: https://goldapple.ru/7430600002-bright-crystal | Время: 7.06 сек.
2025-03-23 10:57:29,406 – src.scraper – INFO: ✅ Успешно: https://goldapple.ru/19000163476-beso-pasion | Время: 7.17 сек.
2025-03-23 10:57:36,340 – src.scraper – INFO: ✅ Успешно: https://goldapple.ru/19000303222-histoire-d-une-rose | Время: 6.93 сек.
2025-03-23 10:57:43,352 – src.scraper – INFO: ✅ Успешно: https://goldapple.ru/83800100004-rose-magnetic | Время: 7.01 сек.
2025-03-23 10:57:50,527 – src.scraper – INFO: ✅ Успешно: https://goldapple.ru/26161100001-soleil-de-capri | Время: 7.17 сек.
2025-03-23 10:57:57,677 – src.scraper – INFO: ✅ Успешно: https://goldapple.ru/19000316449-la-recolte-parisienne | Время: 7.15 сек.
2025-03-23 10:58:04,625 – src.scraper – INFO: ✅ Успешно: https://goldapple.ru/19000006162-grassland | Время: 6.95 сек.
2025-03-23 10:58:11,789 – src.scraper – INFO: ✅ Успешно: https://goldapple.ru/19000232275-first-kiss | Время: 7.16 сек.
2025-03-23 10:58:19,241 – src.scraper – INFO: ✅ Успешно: https://goldapple.ru/19760313122-cypress-cedar | Время: 7.45 сек.
2025-03-23 10:58:26,189 – src.scraper – INFO: ✅ Успешно: https://goldapple.ru/19000220507-vieri | Время: 6.95 сек.
2025-03-23 10:58:34,483 – src.scraper – INFO: ✅ Успешно: https://goldapple.ru/19000117794-theria | Время: 8.29 сек.
2025-03-23 10:58:42,795 – src.scraper – INFO: ✅ Успешно: https://goldapple.ru/19000164628-new-york-intense | Время: 8.31 сек.
2025-03-23 10:58:51,422 – src.scraper – INFO: ✅ Успешно: https://goldapple.ru/19760313106-06-black-platinum | Время: 8.63 сек.
2025-03-23 10:58:59,637 – src.scraper – INFO: ✅ Успешно: https://goldapple.ru/19000118756-grecale | Время: 8.21 сек.
2025-03-23 10:59:08,916 – src.scraper – INFO: ✅ Успешно: https://goldapple.ru/19760313118-linen-vetiver | Время: 9.28 сек.
2025-03-23 10:59:17,886 – src.scraper – INFO: ✅ Успешно: https://goldapple.ru/19000310677-neroli-botanica | Время: 8.97 сек.
2025-03-23 10:59:26,669 – src.scraper – INFO: ✅ Успешно: https://goldapple.ru/19000222468-hidden-shades | Время: 8.78 сек.
2025-03-23 10:59:35,126 – src.scraper – INFO: ✅ Успешно: https://goldapple.ru/19000215481 | Время: 8.46 сек.
2025-03-23 10:59:44,137 – src.scraper – INFO: ✅ Успешно: https://goldapple.ru/19000057313-freedom | Время: 9.01 сек.
2025-03-23 10:59:52,271 – src.scraper – INFO: ✅ Успешно: https://goldapple.ru/19000215480 | Время: 8.13 сек.
2025-03-23 11:00:00,382 – src.scraper – INFO: ✅ Успешно: https://goldapple.ru/19000072535-annicke-6 | Время: 8.11 сек.
2025-03-23 11:00:11,651 – src.scraper – INFO: ✅ Успешно: https://goldapple.ru/19760343531-toy-2-bubble-gum | Время: 11.27 сек.
2025-03-23 11:00:20,498 – src.scraper – INFO: ✅ Успешно: https://goldapple.ru/19000178409-ambre-magnetic | Время: 8.85 сек.
2025-03-23 11:00:28,901 – src.scraper – INFO: ✅ Успешно: https://goldapple.ru/26801300002-baccarat-rouge-540 | Время: 8.4 сек.
2025-03-23 11:00:37,397 – src.scraper – INFO: ✅ Успешно: https://goldapple.ru/19000196201-brezza-di-mare | Время: 8.5 сек.
2025-03-23 11:00:45,793 – src.scraper – INFO: ✅ Успешно: https://goldapple.ru/19000109015-freesia | Время: 8.4 сек.
2025-03-23 11:00:54,171 – src.scraper – INFO: ✅ Успешно: https://goldapple.ru/19000148356-mon-vetiver-refillable | Время: 8.38 сек.
2025-03-23 11:01:01,991 – src.scraper – INFO: ✅ Успешно: https://goldapple.ru/82402500001-cologne-indelebile | Время: 7.82 сек.
2025-03-23 11:01:10,502 – src.scraper – INFO: ✅ Успешно: https://goldapple.ru/82860100001-eau-de-parfum | Время: 8.51 сек.
2025-03-23 11:01:18,956 – src.scraper – INFO: ✅ Успешно: https://goldapple.ru/19000153645-macaron-amande | Время: 8.45 сек.
2025-03-23 11:01:27,028 – src.scraper – INFO: ✅ Успешно: https://goldapple.ru/7181400003-ch-men | Время: 8.07 сек.
2025-03-23 11:01:35,455 – src.scraper – INFO: ✅ Успешно: https://goldapple.ru/19000026999-rose | Время: 8.43 сек.
2025-03-23 11:01:43,540 – src.scraper – INFO: ✅ Успешно: https://goldapple.ru/19000078065-textile-waterfall | Время: 8.08 сек.
2025-03-23 11:01:53,368 – src.scraper – INFO: ✅ Успешно: https://goldapple.ru/26375100004-fabulous | Время: 9.83 сек.
2025-03-23 11:02:01,674 – src.scraper – INFO: ✅ Успешно: https://goldapple.ru/7030300008-boss-bottled | Время: 8.31 сек.
2025-03-23 11:02:10,089 – src.scraper – INFO: ✅ Успешно: https://goldapple.ru/19760310042-secret-of-success | Время: 8.41 сек.
2025-03-23 11:02:18,596 – src.scraper – INFO: ✅ Успешно: https://goldapple.ru/19000246362-no-4 | Время: 8.51 сек.
2025-03-23 11:02:26,971 – src.scraper – INFO: ✅ Успешно: https://goldapple.ru/19000019660-l-interdit-eau-de-parfum | Время: 8.38 сек.
2025-03-23 11:02:35,680 – src.scraper – INFO: ✅ Успешно: https://goldapple.ru/19000220505-en-prise | Время: 8.71 сек.
2025-03-23 11:02:42,777 – src.scraper – INFO: ✅ Успешно: https://goldapple.ru/7140600013-nina | Время: 7.1 сек.
2025-03-23 11:02:49,852 – src.scraper – INFO: ✅ Успешно: https://goldapple.ru/19000145078-metal-rain | Время: 7.07 сек.
2025-03-23 11:02:57,066 – src.scraper – INFO: ✅ Успешно: https://goldapple.ru/7430500001-eau-fraiche | Время: 7.21 сек.
2025-03-23 11:03:04,283 – src.scraper – INFO: ✅ Успешно: https://goldapple.ru/19000156555-sanremo | Время: 7.22 сек.
2025-03-23 11:03:11,610 – src.scraper – INFO: ✅ Успешно: https://goldapple.ru/19000173780-un-vin-rose-sous-la-tonnelle | Время: 7.33 сек.
2025-03-23 11:03:21,792 – src.scraper – INFO: ✅ Успешно: https://goldapple.ru/19000125954-voluptuous-seductio | Время: 10.18 сек.
2025-03-23 11:03:28,948 – src.scraper – INFO: ✅ Успешно: https://goldapple.ru/19000140849-neroli-pine-needle | Время: 7.16 сек.
2025-03-23 11:03:36,241 – src.scraper – INFO: ✅ Успешно: https://goldapple.ru/19000215488 | Время: 7.29 сек.
2025-03-23 11:03:43,400 – src.scraper – INFO: ✅ Успешно: https://goldapple.ru/19000283183-bois-imperial | Время: 7.16 сек.
2025-03-23 11:03:50,724 – src.scraper – INFO: ✅ Успешно: https://goldapple.ru/19000307093-amberesque | Время: 7.32 сек.
2025-03-23 11:03:58,266 – src.scraper – INFO: ✅ Успешно: https://goldapple.ru/19000215484 | Время: 7.54 сек.
2025-03-23 11:04:05,372 – src.scraper – INFO: ✅ Успешно: https://goldapple.ru/80880100001-chloe | Время: 7.11 сек.
2025-03-23 11:04:12,266 – src.scraper – INFO: ✅ Успешно: https://goldapple.ru/19000349576-cuir-noir | Время: 6.89 сек.
2025-03-23 11:04:19,616 – src.scraper – INFO: ✅ Успешно: https://goldapple.ru/19000196864-le-male-elixir | Время: 7.35 сек.
2025-03-23 11:04:26,728 – src.scraper – INFO: ✅ Успешно: https://goldapple.ru/26142300002-cashmere | Время: 7.11 сек.
2025-03-23 11:04:33,786 – src.scraper – INFO: ✅ Успешно: https://goldapple.ru/19000169734-pure-heart | Время: 7.06 сек.
2025-03-23 11:04:40,943 – src.scraper – INFO: ✅ Успешно: https://goldapple.ru/19000196102-agrumi-di-boboli | Время: 7.16 сек.
2025-03-23 11:04:48,045 – src.scraper – INFO: ✅ Успешно: https://goldapple.ru/19000178401-eau-lala | Время: 7.1 сек.
2025-03-23 11:04:55,262 – src.scraper – INFO: ✅ Успешно: https://goldapple.ru/19000178931-ombre-leather | Время: 7.22 сек.
2025-03-23 11:05:02,494 – src.scraper – INFO: ✅ Успешно: https://goldapple.ru/19000117855-fort-royal | Время: 7.23 сек.
2025-03-23 11:05:09,867 – src.scraper – INFO: ✅ Успешно: https://goldapple.ru/19000078007-base-flowers-of-polynesia | Время: 7.37 сек.
2025-03-23 11:05:16,608 – src.scraper – INFO: ✅ Успешно: https://goldapple.ru/19000008804-light-blue-forever | Время: 6.74 сек.
2025-03-23 11:05:23,653 – src.scraper – INFO: ✅ Успешно: https://goldapple.ru/19000178408-sea-storm | Время: 7.04 сек.
2025-03-23 11:05:31,432 – src.scraper – INFO: ✅ Успешно: https://goldapple.ru/19000012055-miss-dior-eau-de-parfum | Время: 7.78 сек.
2025-03-23 11:05:39,372 – src.scraper – INFO: ✅ Успешно: https://goldapple.ru/19000251110 | Время: 7.94 сек.
2025-03-23 11:05:45,999 – src.scraper – INFO: ✅ Успешно: https://goldapple.ru/19000156541-sanremo | Время: 6.63 сек.
2025-03-23 11:05:52,968 – src.scraper – INFO: ✅ Успешно: https://goldapple.ru/19000148361-bois-imperial | Время: 6.97 сек.
2025-03-23 11:06:00,239 – src.scraper – INFO: ✅ Успешно: https://goldapple.ru/19760330435-nina-rouge | Время: 7.27 сек.
2025-03-23 11:06:08,095 – src.scraper – INFO: ✅ Успешно: https://goldapple.ru/19000321436-foglie-di-fico | Время: 7.86 сек.
2025-03-23 11:06:15,567 – src.scraper – INFO: ✅ Успешно: https://goldapple.ru/19000148365-nice-bergamote | Время: 7.47 сек.
2025-03-23 11:06:22,736 – src.scraper – INFO: ✅ Успешно: https://goldapple.ru/19000222825-sparkling-love | Время: 7.17 сек.
2025-03-23 11:06:29,926 – src.scraper – INFO: ✅ Успешно: https://goldapple.ru/83810100002-long-board | Время: 7.19 сек.
2025-03-23 11:06:37,120 – src.scraper – INFO: ✅ Успешно: https://goldapple.ru/19000140865-warm-tobacco | Время: 7.19 сек.
2025-03-23 11:06:44,313 – src.scraper – INFO: ✅ Успешно: https://goldapple.ru/19000125957-l-ame-slave | Время: 7.19 сек.
2025-03-23 11:06:51,777 – src.scraper – INFO: ✅ Успешно: https://goldapple.ru/19000235477-samar | Время: 7.46 сек.
2025-03-23 11:06:59,546 – src.scraper – INFO: ✅ Успешно: https://goldapple.ru/83670100009-sense-of-humor | Время: 7.77 сек.
2025-03-23 11:07:08,750 – src.scraper – INFO: ✅ Успешно: https://goldapple.ru/19000196619-l-interdit-rouge-ultime | Время: 9.2 сек.
2025-03-23 11:07:16,125 – src.scraper – INFO: ✅ Успешно: https://goldapple.ru/83670200009-spontaneous-generosity | Время: 7.37 сек.
2025-03-23 11:07:23,402 – src.scraper – INFO: ✅ Успешно: https://goldapple.ru/19000321467-speziato-fiorentino | Время: 7.28 сек.
2025-03-23 11:07:30,626 – src.scraper – INFO: ✅ Успешно: https://goldapple.ru/19000196066-selva-oscura | Время: 7.22 сек.
2025-03-23 11:07:38,333 – src.scraper – INFO: ✅ Успешно: https://goldapple.ru/19000269138-eau-de-soin-corps-parfumee | Время: 7.71 сек.
2025-03-23 11:07:45,632 – src.scraper – INFO: ✅ Успешно: https://goldapple.ru/19000132895-tobacco-tonka-bean | Время: 7.3 сек.
2025-03-23 11:07:52,888 – src.scraper – INFO: ✅ Успешно: https://goldapple.ru/19000105758-jasmin-exclusif | Время: 7.26 сек.
2025-03-23 11:08:00,320 – src.scraper – INFO: ✅ Успешно: https://goldapple.ru/19000072326-bougie-harmonisante | Время: 7.43 сек.
2025-03-23 11:08:08,451 – src.scraper – INFO: ✅ Успешно: https://goldapple.ru/19000033772-homme-sport-eau-de-toilette | Время: 8.13 сек.
2025-03-23 11:08:15,715 – src.scraper – INFO: ✅ Успешно: https://goldapple.ru/19000215157-sugar | Время: 7.26 сек.
2025-03-23 11:08:22,870 – src.scraper – INFO: ✅ Успешно: https://goldapple.ru/99000004707-moody-myrrh-golden-amber | Время: 7.15 сек.
2025-03-23 11:08:30,145 – src.scraper – INFO: ✅ Успешно: https://goldapple.ru/26730600001-bal-d-afrique | Время: 7.28 сек.
2025-03-23 11:08:37,384 – src.scraper – INFO: ✅ Успешно: https://goldapple.ru/19000117829-aqua-minimes | Время: 7.24 сек.
2025-03-23 11:08:44,509 – src.scraper – INFO: ✅ Успешно: https://goldapple.ru/7431800004-eros-pour-femme | Время: 7.12 сек.
2025-03-23 11:08:51,995 – src.scraper – INFO: ✅ Успешно: https://goldapple.ru/19000308991-plum-and-rhubarb | Время: 7.49 сек.
2025-03-23 11:08:59,327 – src.scraper – INFO: ✅ Успешно: https://goldapple.ru/26290700009-narciso-poudree | Время: 7.33 сек.
2025-03-23 11:09:07,060 – src.scraper – INFO: ✅ Успешно: https://goldapple.ru/19000290643-good-girl-gone-bad | Время: 7.73 сек.
2025-03-23 11:09:15,189 – src.scraper – INFO: ✅ Успешно: https://goldapple.ru/83670100002-spontaneous-generosity | Время: 8.13 сек.
2025-03-23 11:09:23,475 – src.scraper – INFO: ✅ Успешно: https://goldapple.ru/19000010906-rose-goldea-blossom-delight | Время: 8.29 сек.
2025-03-23 11:09:30,543 – src.scraper – INFO: ✅ Успешно: https://goldapple.ru/19000060206-charm | Время: 7.07 сек.
2025-03-23 11:09:37,860 – src.scraper – INFO: ✅ Успешно: https://goldapple.ru/26372100005-oud-wood | Время: 7.32 сек.
2025-03-23 11:09:45,019 – src.scraper – INFO: ✅ Успешно: https://goldapple.ru/99000010910-visuddha | Время: 7.16 сек.
2025-03-23 11:09:52,073 – src.scraper – INFO: ✅ Успешно: https://goldapple.ru/19000166821-checkmate | Время: 7.05 сек.
2025-03-23 11:09:59,345 – src.scraper – INFO: ✅ Успешно: https://goldapple.ru/19000136345-04 | Время: 7.27 сек.
2025-03-23 11:10:07,953 – src.scraper – INFO: ✅ Успешно: https://goldapple.ru/19000097465-rhubarbe-royale | Время: 8.61 сек.
2025-03-23 11:10:15,185 – src.scraper – INFO: ✅ Успешно: https://goldapple.ru/7034900010-boss-the-scent | Время: 7.23 сек.
2025-03-23 11:10:23,243 – src.scraper – INFO: ✅ Успешно: https://goldapple.ru/19000114702-miss-dior-blooming-bouquet | Время: 8.06 сек.
2025-03-23 11:10:31,646 – src.scraper – INFO: ✅ Успешно: https://goldapple.ru/19000305510-solenyj-okean | Время: 8.4 сек.
2025-03-23 11:10:39,059 – src.scraper – INFO: ✅ Успешно: https://goldapple.ru/99000010913-anahata | Время: 7.41 сек.
2025-03-23 11:10:46,302 – src.scraper – INFO: ✅ Успешно: https://goldapple.ru/19000247258-nyeok-body-wash | Время: 7.24 сек.
2025-03-23 11:10:53,348 – src.scraper – INFO: ✅ Успешно: https://goldapple.ru/19000190233-orchid | Время: 7.05 сек.
2025-03-23 11:11:00,479 – src.scraper – INFO: ✅ Успешно: https://goldapple.ru/19760330832-la-belle | Время: 7.13 сек.
2025-03-23 11:11:07,742 – src.scraper – INFO: ✅ Успешно: https://goldapple.ru/7682200021-ange-ou-demon-le-secret | Время: 7.26 сек.
2025-03-23 11:11:14,858 – src.scraper – INFO: ✅ Успешно: https://goldapple.ru/19000321445-love-luxury-collection | Время: 7.12 сек.
2025-03-23 11:11:22,238 – src.scraper – INFO: ✅ Успешно: https://goldapple.ru/26830500002-wood-and-absinth | Время: 7.38 сек.
2025-03-23 11:11:29,502 – src.scraper – INFO: ✅ Успешно: https://goldapple.ru/99000010906-muladhara | Время: 7.26 сек.
2025-03-23 11:11:36,625 – src.scraper – INFO: ✅ Успешно: https://goldapple.ru/19000260794-pour-femme | Время: 7.12 сек.
2025-03-23 11:11:43,819 – src.scraper – INFO: ✅ Успешно: https://goldapple.ru/19000203078-vetiver | Время: 7.19 сек.
2025-03-23 11:11:50,844 – src.scraper – INFO: ✅ Успешно: https://goldapple.ru/19000173255-namaqualand | Время: 7.03 сек.
2025-03-23 11:11:58,432 – src.scraper – INFO: ✅ Успешно: https://goldapple.ru/7273800001-l-eau-kenzo-pour-femme | Время: 7.59 сек.
2025-03-23 11:12:05,851 – src.scraper – INFO: ✅ Успешно: https://goldapple.ru/19000232229-patchouli-mania | Время: 7.42 сек.
2025-03-23 11:12:12,745 – src.scraper – INFO: ✅ Успешно: https://goldapple.ru/19000017399-the-hedonist | Время: 6.89 сек.
2025-03-23 11:12:19,911 – src.scraper – INFO: ✅ Успешно: https://goldapple.ru/19000229065-charred-amber | Время: 7.17 сек.
2025-03-23 11:12:27,880 – src.scraper – INFO: ✅ Успешно: https://goldapple.ru/19000178407-man-s-roots | Время: 7.97 сек.
2025-03-23 11:12:35,756 – src.scraper – INFO: ✅ Успешно: https://goldapple.ru/99000010915-adzna | Время: 7.88 сек.
2025-03-23 11:12:42,924 – src.scraper – INFO: ✅ Успешно: https://goldapple.ru/28330100005-no-4-apres-l-amour | Время: 7.17 сек.
2025-03-23 11:12:50,183 – src.scraper – INFO: ✅ Успешно: https://goldapple.ru/19000154011-white-musk | Время: 7.26 сек.
2025-03-23 11:12:58,330 – src.scraper – INFO: ✅ Успешно: https://goldapple.ru/19000145080-tuberose-overdose | Время: 8.15 сек.
2025-03-23 11:13:05,442 – src.scraper – INFO: ✅ Успешно: https://goldapple.ru/19000125240-the-fortitude | Время: 7.11 сек.
2025-03-23 11:13:12,943 – src.scraper – INFO: ✅ Успешно: https://goldapple.ru/26730700002-blanche | Время: 7.5 сек.
2025-03-23 11:13:20,051 – src.scraper – INFO: ✅ Успешно: https://goldapple.ru/19000161477-akasha-the-5th-element | Время: 7.11 сек.
2025-03-23 11:13:27,347 – src.scraper – INFO: ✅ Успешно: https://goldapple.ru/19000025230-the-scent-le-parfum | Время: 7.3 сек.
2025-03-23 11:13:34,605 – src.scraper – INFO: ✅ Успешно: https://goldapple.ru/7302300001-toy-boy | Время: 7.26 сек.
2025-03-23 11:13:42,029 – src.scraper – INFO: ✅ Успешно: https://goldapple.ru/99000010901-sahasrara | Время: 7.42 сек.
2025-03-23 11:13:49,136 – src.scraper – INFO: ✅ Успешно: https://goldapple.ru/19000220150-liquorice-olibanum | Время: 7.11 сек.
2025-03-23 11:13:56,238 – src.scraper – INFO: ✅ Успешно: https://goldapple.ru/19000229068-morning-dew | Время: 7.1 сек.
2025-03-23 11:14:03,280 – src.scraper – INFO: ✅ Успешно: https://goldapple.ru/19760305896-mango-skin | Время: 7.04 сек.
2025-03-23 11:14:10,504 – src.scraper – INFO: ✅ Успешно: https://goldapple.ru/19000212685-apel-sin-i-korica | Время: 7.22 сек.
2025-03-23 11:14:17,613 – src.scraper – INFO: ✅ Успешно: https://goldapple.ru/19000191219-gaiac-violet | Время: 7.11 сек.
2025-03-23 11:14:25,130 – src.scraper – INFO: ✅ Успешно: https://goldapple.ru/19000008016-macaroon-yuzu | Время: 7.52 сек.
2025-03-23 11:14:33,052 – src.scraper – INFO: ✅ Успешно: https://goldapple.ru/99000010907-svadhistana | Время: 7.92 сек.
2025-03-23 11:14:40,274 – src.scraper – INFO: ✅ Успешно: https://goldapple.ru/19000008793-onsen | Время: 7.22 сек.
2025-03-23 11:14:48,018 – src.scraper – INFO: ✅ Успешно: https://goldapple.ru/19000059317-undea-des-iles | Время: 7.74 сек.
2025-03-23 11:14:55,202 – src.scraper – INFO: ✅ Успешно: https://goldapple.ru/19000208988-beso-de-luna | Время: 7.18 сек.
2025-03-23 11:15:02,446 – src.scraper – INFO: ✅ Успешно: https://goldapple.ru/26291300005-devil-s-intrigue | Время: 7.24 сек.
2025-03-23 11:15:10,316 – src.scraper – INFO: ✅ Успешно: https://goldapple.ru/19000154001-byzantium | Время: 7.87 сек.
2025-03-23 11:15:17,740 – src.scraper – INFO: ✅ Успешно: https://goldapple.ru/7300800001-funny | Время: 7.42 сек.
2025-03-23 11:15:24,867 – src.scraper – INFO: ✅ Успешно: https://goldapple.ru/19000178402-fleur-de-la-creme | Время: 7.13 сек.
2025-03-23 11:15:32,025 – src.scraper – INFO: ✅ Успешно: https://goldapple.ru/19000157456-juicy-peach | Время: 7.16 сек.
2025-03-23 11:15:39,146 – src.scraper – INFO: ✅ Успешно: https://goldapple.ru/99000010908-manipura | Время: 7.12 сек.
2025-03-23 11:15:46,285 – src.scraper – INFO: ✅ Успешно: https://goldapple.ru/26723600009-good-girl-gone-bad-by-kilian | Время: 7.14 сек.
2025-03-23 11:15:54,588 – src.scraper – INFO: ✅ Успешно: https://goldapple.ru/26370800004-white-suede | Время: 8.3 сек.
2025-03-23 11:16:02,772 – src.scraper – INFO: ✅ Успешно: https://goldapple.ru/19000125770-un-deux-trois-soleil | Время: 8.18 сек.
2025-03-23 11:16:10,045 – src.scraper – INFO: ✅ Успешно: https://goldapple.ru/19000147642-very-good-girl-blush | Время: 7.27 сек.
2025-03-23 11:16:17,560 – src.scraper – INFO: ✅ Успешно: https://goldapple.ru/19000295838-cypress-jasmine-patchouli-sinij | Время: 7.51 сек.
2025-03-23 11:16:25,010 – src.scraper – INFO: ✅ Успешно: https://goldapple.ru/26332500002-daisy-eau-so-sweet | Время: 7.45 сек.
2025-03-23 11:16:32,708 – src.scraper – INFO: ✅ Успешно: https://goldapple.ru/81101600001-the-golden-secret | Время: 7.7 сек.
2025-03-23 11:16:39,894 – src.scraper – INFO: ✅ Успешно: https://goldapple.ru/19000173786-une-nuit-d-ete-sous-le-figuier | Время: 7.19 сек.
2025-03-23 11:16:47,147 – src.scraper – INFO: ✅ Успешно: https://goldapple.ru/19000304142-pachuli | Время: 7.25 сек.
2025-03-23 11:16:54,745 – src.scraper – INFO: ✅ Успешно: https://goldapple.ru/19760310043-butterfly-mind | Время: 7.6 сек.
2025-03-23 11:17:02,647 – src.scraper – INFO: ✅ Успешно: https://goldapple.ru/19760300542-daisy-eau-so-fresh | Время: 7.9 сек.
2025-03-23 11:17:10,896 – src.scraper – INFO: ✅ Успешно: https://goldapple.ru/19000125257-ganymede | Время: 8.25 сек.
2025-03-23 11:17:18,079 – src.scraper – INFO: ✅ Успешно: https://goldapple.ru/19000196070-cashmere | Время: 7.18 сек.
2025-03-23 11:17:25,358 – src.scraper – INFO: ✅ Успешно: https://goldapple.ru/19000220318-peonia | Время: 7.28 сек.
2025-03-23 11:17:33,769 – src.scraper – INFO: ✅ Успешно: https://goldapple.ru/83800100005-mon-vetiver | Время: 8.41 сек.
2025-03-23 11:17:40,790 – src.scraper – INFO: ✅ Успешно: https://goldapple.ru/99000023387-kanikuly-na-ibice | Время: 7.02 сек.
2025-03-23 11:17:47,943 – src.scraper – INFO: ✅ Успешно: https://goldapple.ru/19000048065-clutch-collection-strawberry | Время: 7.15 сек.
2025-03-23 11:17:55,472 – src.scraper – INFO: ✅ Успешно: https://goldapple.ru/82810200001-fleur-narcotique | Время: 7.53 сек.
2025-03-23 11:18:02,840 – src.scraper – INFO: ✅ Успешно: https://goldapple.ru/99000023250-angel-s | Время: 7.37 сек.
2025-03-23 11:18:09,870 – src.scraper – INFO: ✅ Успешно: https://goldapple.ru/19760310035-butterfly-mind | Время: 7.03 сек.
2025-03-23 11:18:17,017 – src.scraper – INFO: ✅ Успешно: https://goldapple.ru/19000006030-baccarat-rouge-540 | Время: 7.15 сек.
2025-03-23 11:18:24,057 – src.scraper – INFO: ✅ Успешно: https://goldapple.ru/19000161480-om-the-sound-of-universe | Время: 7.04 сек.
2025-03-23 11:18:31,313 – src.scraper – INFO: ✅ Успешно: https://goldapple.ru/99000013269-autumn-waltz | Время: 7.26 сек.
2025-03-23 11:18:38,639 – src.scraper – INFO: ✅ Успешно: https://goldapple.ru/19000200197-mossland-12-09 | Время: 7.33 сек.
2025-03-23 11:18:45,824 – src.scraper – INFO: ✅ Успешно: https://goldapple.ru/99000023386-kofe-v-aeroportu | Время: 7.18 сек.
2025-03-23 11:18:52,787 – src.scraper – INFO: ✅ Успешно: https://goldapple.ru/19000306223-paperplane | Время: 6.96 сек.
2025-03-23 11:18:59,953 – src.scraper – INFO: ✅ Успешно: https://goldapple.ru/19000229069-nuru-s-forest | Время: 7.17 сек.
2025-03-23 11:19:08,199 – src.scraper – INFO: ✅ Успешно: https://goldapple.ru/19000173779-un-rendez-vous-avec-cezanne | Время: 8.25 сек.
2025-03-23 11:19:15,451 – src.scraper – INFO: ✅ Успешно: https://goldapple.ru/19000002875-freedomland | Время: 7.25 сек.
2025-03-23 11:19:21,041 – src.scraper – WARNING: ❎ Ошибка: https://goldapple.ru/19000008802-voodoo | Исключение: 'NoneType' object has no attribute 'next_element'
2025-03-23 11:19:26,647 – src.scraper – WARNING: ❎ Ошибка: https://goldapple.ru/19000332177-comete-paradis | Исключение: 'NoneType' object has no attribute 'next_element'
2025-03-23 11:19:34,061 – src.scraper – INFO: ✅ Успешно: https://goldapple.ru/19000131639-pino | Время: 7.41 сек.
2025-03-23 11:19:41,076 – src.scraper – INFO: ✅ Успешно: https://goldapple.ru/99000023381-zakat-na-beregu-mora | Время: 7.02 сек.
2025-03-23 11:19:49,293 – src.scraper – INFO: ✅ Успешно: https://goldapple.ru/19000220502-ruy-lopez | Время: 8.22 сек.
2025-03-23 11:19:56,319 – src.scraper – INFO: ✅ Успешно: https://goldapple.ru/83670100001-secret-of-success | Время: 7.03 сек.
2025-03-23 11:20:03,963 – src.scraper – INFO: ✅ Успешно: https://goldapple.ru/19760305902-room-service | Время: 7.64 сек.
2025-03-23 11:20:11,605 – src.scraper – INFO: ✅ Успешно: https://goldapple.ru/99000023382-utro-v-derevne | Время: 7.64 сек.
2025-03-23 11:20:18,615 – src.scraper – INFO: ✅ Успешно: https://goldapple.ru/19000225037-number-two | Время: 7.01 сек.
2025-03-23 11:20:25,747 – src.scraper – INFO: ✅ Успешно: https://goldapple.ru/19000163469-bendito-beso | Время: 7.13 сек.
2025-03-23 11:20:32,847 – src.scraper – INFO: ✅ Успешно: https://goldapple.ru/99000005323-mint-gold-s | Время: 7.1 сек.
2025-03-23 11:20:40,291 – src.scraper – INFO: ✅ Успешно: https://goldapple.ru/19000235935-guidance | Время: 7.44 сек.
2025-03-23 11:20:47,709 – src.scraper – INFO: ✅ Успешно: https://goldapple.ru/19000008800-coda | Время: 7.42 сек.
2025-03-23 11:20:54,776 – src.scraper – INFO: ✅ Успешно: https://goldapple.ru/99000023388-tropiceskaa-skazka | Время: 7.07 сек.
2025-03-23 11:21:02,021 – src.scraper – INFO: ✅ Успешно: https://goldapple.ru/80130500011-in-red | Время: 7.24 сек.
2025-03-23 11:21:09,637 – src.scraper – INFO: ✅ Успешно: https://goldapple.ru/19000148360-the-musc-refillable | Время: 7.61 сек.
2025-03-23 11:21:16,714 – src.scraper – INFO: ✅ Успешно: https://goldapple.ru/19000012383-l-interdit-eau-de-parfum-rouge | Время: 7.08 сек.
2025-03-23 11:21:23,716 – src.scraper – INFO: ✅ Успешно: https://goldapple.ru/80881500001-nomade | Время: 7.0 сек.
2025-03-23 11:21:31,350 – src.scraper – INFO: ✅ Успешно: https://goldapple.ru/19000259879-steppe-novel | Время: 7.63 сек.
2025-03-23 11:21:38,591 – src.scraper – INFO: ✅ Успешно: https://goldapple.ru/19000258597-nina-illusion | Время: 7.24 сек.
2025-03-23 11:21:45,719 – src.scraper – INFO: ✅ Успешно: https://goldapple.ru/19000304476-tilia | Время: 7.13 сек.
2025-03-23 11:21:52,753 – src.scraper – INFO: ✅ Успешно: https://goldapple.ru/99000023391-malinovyj-mohito | Время: 7.03 сек.
2025-03-23 11:21:59,605 – src.scraper – INFO: ✅ Успешно: https://goldapple.ru/19000321556-ceresia | Время: 6.85 сек.
2025-03-23 11:22:07,607 – src.scraper – INFO: ✅ Успешно: https://goldapple.ru/19000199595-the-matcha | Время: 8.0 сек.
2025-03-23 11:22:14,939 – src.scraper – INFO: ✅ Успешно: https://goldapple.ru/26660600003-not-a-perfume | Время: 7.33 сек.
2025-03-23 11:22:22,200 – src.scraper – INFO: ✅ Успешно: https://goldapple.ru/19000215155-cocaine | Время: 7.26 сек.
2025-03-23 11:22:29,597 – src.scraper – INFO: ✅ Успешно: https://goldapple.ru/19000294169-lemon-mandarin-neroli-temno-sinij | Время: 7.4 сек.
2025-03-23 11:22:36,698 – src.scraper – INFO: ✅ Успешно: https://goldapple.ru/19000232221-patchouli-mania | Время: 7.1 сек.
2025-03-23 11:22:43,973 – src.scraper – INFO: ✅ Успешно: https://goldapple.ru/7273900003-l-eau-kenzo-pour-homme | Время: 7.27 сек.
2025-03-23 11:22:51,706 – src.scraper – INFO: ✅ Успешно: https://goldapple.ru/99000023389-zvonki-byvsemu | Время: 7.73 сек.
2025-03-23 11:22:58,811 – src.scraper – INFO: ✅ Успешно: https://goldapple.ru/19000047865-fig-infusion-by-nathalie-lorson | Время: 7.11 сек.
2025-03-23 11:23:07,043 – src.scraper – INFO: ✅ Успешно: https://goldapple.ru/19000216643-siesta | Время: 8.23 сек.
2025-03-23 11:23:14,108 – src.scraper – INFO: ✅ Успешно: https://goldapple.ru/99000014056-papirus-patchouli-vanilla | Время: 7.07 сек.
2025-03-23 11:23:21,228 – src.scraper – INFO: ✅ Успешно: https://goldapple.ru/19000125950-natural-elegance | Время: 7.12 сек.
2025-03-23 11:23:28,302 – src.scraper – INFO: ✅ Успешно: https://goldapple.ru/19000344512-kirke-extrait | Время: 7.07 сек.
2025-03-23 11:23:40,053 – src.scraper – INFO: ✅ Успешно: https://goldapple.ru/19000173782-une-escale-dans-les-calanques | Время: 11.75 сек.
2025-03-23 11:23:47,235 – src.scraper – INFO: ✅ Успешно: https://goldapple.ru/19000295845-italian-cypress-bezevyj | Время: 7.18 сек.
2025-03-23 11:23:54,622 – src.scraper – INFO: ✅ Успешно: https://goldapple.ru/19000324792-goddess-intense | Время: 7.39 сек.
2025-03-23 11:24:02,284 – src.scraper – INFO: ✅ Успешно: https://goldapple.ru/19000342979-bois-imperial-by-quentin-bisch | Время: 7.66 сек.
2025-03-23 11:24:10,400 – src.scraper – INFO: ✅ Успешно: https://goldapple.ru/83810100001-dune-road | Время: 8.12 сек.
2025-03-23 11:24:17,509 – src.scraper – INFO: ✅ Успешно: https://goldapple.ru/19000231614-wood-leather | Время: 7.11 сек.
2025-03-23 11:24:24,621 – src.scraper – INFO: ✅ Успешно: https://goldapple.ru/26290100002-for-her | Время: 7.11 сек.
2025-03-23 11:24:34,322 – src.scraper – INFO: ✅ Успешно: https://goldapple.ru/19000015894-so-scandal | Время: 9.7 сек.
2025-03-23 11:24:41,813 – src.scraper – INFO: ✅ Успешно: https://goldapple.ru/83670200002-butterfly-mind | Время: 7.49 сек.
2025-03-23 11:24:49,105 – src.scraper – INFO: ✅ Успешно: https://goldapple.ru/19000274352-inlove | Время: 7.29 сек.
2025-03-23 11:24:57,281 – src.scraper – INFO: ✅ Успешно: https://goldapple.ru/19000295833-black-ink-bezevyj | Время: 8.18 сек.
2025-03-23 11:25:04,717 – src.scraper – INFO: ✅ Успешно: https://goldapple.ru/99000023372-for-gift | Время: 7.44 сек.
2025-03-23 11:25:12,161 – src.scraper – INFO: ✅ Успешно: https://goldapple.ru/19000239673-maison-strawberry-champagne | Время: 7.44 сек.
2025-03-23 11:25:19,408 – src.scraper – INFO: ✅ Успешно: https://goldapple.ru/19000008792-shaman | Время: 7.25 сек.
2025-03-23 11:25:26,790 – src.scraper – INFO: ✅ Успешно: https://goldapple.ru/19000094654-morning | Время: 7.38 сек.
2025-03-23 11:25:34,062 – src.scraper – INFO: ✅ Успешно: https://goldapple.ru/19760310140-french-gallantry | Время: 7.27 сек.
2025-03-23 11:25:41,345 – src.scraper – INFO: ✅ Успешно: https://goldapple.ru/83430100017-stockholm-1978 | Время: 7.28 сек.
2025-03-23 11:25:48,694 – src.scraper – INFO: ✅ Успешно: https://goldapple.ru/19000295828-black-ink-sinij | Время: 7.35 сек.
2025-03-23 11:25:56,047 – src.scraper – INFO: ✅ Успешно: https://goldapple.ru/19000066084-sisterland-pink-raspberry | Время: 7.35 сек.
2025-03-23 11:26:03,349 – src.scraper – INFO: ✅ Успешно: https://goldapple.ru/99000023378-for-gift | Время: 7.3 сек.
2025-03-23 11:26:10,483 – src.scraper – INFO: ✅ Успешно: https://goldapple.ru/7180400003-212vip-rose | Время: 7.13 сек.
2025-03-23 11:26:18,074 – src.scraper – INFO: ✅ Успешно: https://goldapple.ru/19760303657-gentle-fluidity-silver | Время: 7.59 сек.
2025-03-23 11:26:25,237 – src.scraper – INFO: ✅ Успешно: https://goldapple.ru/19000117860-santa-cruz | Время: 7.16 сек.
2025-03-23 11:26:32,379 – src.scraper – INFO: ✅ Успешно: https://goldapple.ru/19000196071-cotone | Время: 7.14 сек.
2025-03-23 11:26:39,588 – src.scraper – INFO: ✅ Успешно: https://goldapple.ru/19760300405-501-praline-reglisse-patchouli | Время: 7.21 сек.
2025-03-23 11:26:46,726 – src.scraper – INFO: ✅ Успешно: https://goldapple.ru/26830100002-black-angel | Время: 7.14 сек.
2025-03-23 11:26:53,812 – src.scraper – INFO: ✅ Успешно: https://goldapple.ru/19760330459-good-girl-supreme | Время: 7.08 сек.
2025-03-23 11:27:00,982 – src.scraper – INFO: ✅ Успешно: https://goldapple.ru/19000274351-tenderness | Время: 7.17 сек.
2025-03-23 11:27:08,006 – src.scraper – INFO: ✅ Успешно: https://goldapple.ru/19000045153-mango | Время: 7.02 сек.
2025-03-23 11:27:15,240 – src.scraper – INFO: ✅ Успешно: https://goldapple.ru/19000166822-double-attack | Время: 7.23 сек.
2025-03-23 11:27:22,332 – src.scraper – INFO: ✅ Успешно: https://goldapple.ru/19000327877-absolute-shadow | Время: 7.09 сек.
2025-03-23 11:27:29,554 – src.scraper – INFO: ✅ Успешно: https://goldapple.ru/19760324223-soleil-neige | Время: 7.22 сек.
2025-03-23 11:27:37,121 – src.scraper – INFO: ✅ Успешно: https://goldapple.ru/19000321461-pura-ambra | Время: 7.57 сек.
2025-03-23 11:27:44,285 – src.scraper – INFO: ✅ Успешно: https://goldapple.ru/26301300004-white-essentials-sugar-flower | Время: 7.16 сек.
2025-03-23 11:27:51,444 – src.scraper – INFO: ✅ Успешно: https://goldapple.ru/19000301234-bright-crystal | Время: 7.16 сек.
2025-03-23 11:27:58,709 – src.scraper – INFO: ✅ Успешно: https://goldapple.ru/19000187945-chic-mandarine | Время: 7.26 сек.
2025-03-23 11:28:06,517 – src.scraper – INFO: ✅ Успешно: https://goldapple.ru/19000327876-eccentric | Время: 7.81 сек.
2025-03-23 11:28:13,804 – src.scraper – INFO: ✅ Успешно: https://goldapple.ru/19000263393-07 | Время: 7.29 сек.
2025-03-23 11:28:20,961 – src.scraper – INFO: ✅ Успешно: https://goldapple.ru/26143000001-ylang-ylang | Время: 7.16 сек.
2025-03-23 11:28:28,146 – src.scraper – INFO: ✅ Успешно: https://goldapple.ru/19000324795-gorgeous-orchid | Время: 7.18 сек.
2025-03-23 11:28:35,492 – src.scraper – INFO: ✅ Успешно: https://goldapple.ru/19000288001-break-free | Время: 7.35 сек.
2025-03-23 11:28:42,757 – src.scraper – INFO: ✅ Успешно: https://goldapple.ru/19000047866-fig-infusion-by-nathalie-lorson | Время: 7.26 сек.
2025-03-23 11:28:50,071 – src.scraper – INFO: ✅ Успешно: https://goldapple.ru/80130500002-in-red | Время: 7.31 сек.
2025-03-23 11:28:57,938 – src.scraper – INFO: ✅ Успешно: https://goldapple.ru/19000125951-sense-of-humor | Время: 7.87 сек.
2025-03-23 11:29:05,164 – src.scraper – INFO: ✅ Успешно: https://goldapple.ru/19000201886-notte-d-amore | Время: 7.23 сек.
2025-03-23 11:29:12,466 – src.scraper – INFO: ✅ Успешно: https://goldapple.ru/26330500001-daisy | Время: 7.3 сек.
2025-03-23 11:29:19,650 – src.scraper – INFO: ✅ Успешно: https://goldapple.ru/83810100006-barrel | Время: 7.18 сек.
2025-03-23 11:29:26,715 – src.scraper – INFO: ✅ Успешно: https://goldapple.ru/19760311088-lure | Время: 7.06 сек.
2025-03-23 11:29:33,893 – src.scraper – INFO: ✅ Успешно: https://goldapple.ru/19000166824-grand-master | Время: 7.18 сек.
2025-03-23 11:29:41,012 – src.scraper – INFO: ✅ Успешно: https://goldapple.ru/19000019545-lavender-vanilla-amber-musk | Время: 7.12 сек.
2025-03-23 11:29:48,218 – src.scraper – INFO: ✅ Успешно: https://goldapple.ru/26730400002-gypsy-water | Время: 7.21 сек.
2025-03-23 11:29:55,514 – src.scraper – INFO: ✅ Успешно: https://goldapple.ru/83290100012-vetiver-d-haiti-au-the-vert | Время: 7.3 сек.
2025-03-23 11:30:02,902 – src.scraper – INFO: ✅ Успешно: https://goldapple.ru/19000241274-holy-jasmine | Время: 7.39 сек.
2025-03-23 11:30:11,149 – src.scraper – INFO: ✅ Успешно: https://goldapple.ru/19000118599-ostro | Время: 8.25 сек.
2025-03-23 11:30:18,395 – src.scraper – INFO: ✅ Успешно: https://goldapple.ru/19000203079-parfumernaa-voda | Время: 7.25 сек.
2025-03-23 11:30:25,620 – src.scraper – INFO: ✅ Успешно: https://goldapple.ru/19000139409-lady-million | Время: 7.22 сек.
2025-03-23 11:30:32,926 – src.scraper – INFO: ✅ Успешно: https://goldapple.ru/19760300242-flower-by-kenzo-poppy-bouquet | Время: 7.31 сек.
2025-03-23 11:30:40,052 – src.scraper – INFO: ✅ Успешно: https://goldapple.ru/19000288008-pinky-buds | Время: 7.13 сек.
2025-03-23 11:30:47,273 – src.scraper – INFO: ✅ Успешно: https://goldapple.ru/19000200196-far-very-far-18-08 | Время: 7.22 сек.
2025-03-23 11:30:54,588 – src.scraper – INFO: ✅ Успешно: https://goldapple.ru/7291300001-1-million | Время: 7.31 сек.
2025-03-23 11:31:02,295 – src.scraper – INFO: ✅ Успешно: https://goldapple.ru/19000199594-herbe-zen | Время: 7.71 сек.
2025-03-23 11:31:09,608 – src.scraper – INFO: ✅ Успешно: https://goldapple.ru/19760305907-dear-polly | Время: 7.31 сек.
2025-03-23 11:31:17,155 – src.scraper – INFO: ✅ Успешно: https://goldapple.ru/19000312022-06-vanilla-spark | Время: 7.55 сек.
2025-03-23 11:31:24,416 – src.scraper – INFO: ✅ Успешно: https://goldapple.ru/19000229067-creme-de-cassis | Время: 7.26 сек.
2025-03-23 11:31:31,401 – src.scraper – INFO: ✅ Успешно: https://goldapple.ru/19000107439-ciel-magnolia | Время: 6.98 сек.
2025-03-23 11:31:38,825 – src.scraper – INFO: ✅ Успешно: https://goldapple.ru/19000300672-tartan-calling | Время: 7.42 сек.
2025-03-23 11:31:46,297 – src.scraper – INFO: ✅ Успешно: https://goldapple.ru/19000148359-rose-magnetic | Время: 7.47 сек.
2025-03-23 11:31:53,893 – src.scraper – INFO: ✅ Успешно: https://goldapple.ru/7430800010-eros | Время: 7.6 сек.
2025-03-23 11:32:01,717 – src.scraper – INFO: ✅ Успешно: https://goldapple.ru/19000347961-eternal-rainbow | Время: 7.82 сек.
2025-03-23 11:32:09,089 – src.scraper – INFO: ✅ Успешно: https://goldapple.ru/26290100012-for-her | Время: 7.37 сек.
2025-03-23 11:32:16,180 – src.scraper – INFO: ✅ Успешно: https://goldapple.ru/19000300861-bali | Время: 7.09 сек.
2025-03-23 11:32:23,469 – src.scraper – INFO: ✅ Успешно: https://goldapple.ru/19000222038-pure-white-mush-body-wash | Время: 7.29 сек.
2025-03-23 11:32:30,701 – src.scraper – INFO: ✅ Успешно: https://goldapple.ru/82403700001-the-moon | Время: 7.23 сек.
2025-03-23 11:32:37,987 – src.scraper – INFO: ✅ Успешно: https://goldapple.ru/19000247265-geuneul-hand-cream | Время: 7.29 сек.
2025-03-23 11:32:45,127 – src.scraper – INFO: ✅ Успешно: https://goldapple.ru/7612100001-especially | Время: 7.14 сек.
2025-03-23 11:32:52,400 – src.scraper – INFO: ✅ Успешно: https://goldapple.ru/19000055179-zasmin | Время: 7.27 сек.
2025-03-23 11:32:59,443 – src.scraper – INFO: ✅ Успешно: https://goldapple.ru/19000273273-flora-gorgeous-gardenia | Время: 7.04 сек.
2025-03-23 11:33:08,449 – src.scraper – INFO: ✅ Успешно: https://goldapple.ru/7034200002-boss-ma-vie | Время: 9.01 сек.
2025-03-23 11:33:16,008 – src.scraper – INFO: ✅ Успешно: https://goldapple.ru/19000059328-erba-pura | Время: 7.56 сек.
2025-03-23 11:33:23,404 – src.scraper – INFO: ✅ Успешно: https://goldapple.ru/19000249522-discovery | Время: 7.4 сек.
2025-03-23 11:33:30,709 – src.scraper – INFO: ✅ Успешно: https://goldapple.ru/19000077977-antico-velvet | Время: 7.3 сек.
2025-03-23 11:33:37,415 – src.scraper – INFO: ✅ Успешно: https://goldapple.ru/19000013259-open-mind | Время: 6.71 сек.
2025-03-23 11:33:44,501 – src.scraper – INFO: ✅ Успешно: https://goldapple.ru/26301400002-unique-love-letter | Время: 7.09 сек.
2025-03-23 11:33:51,647 – src.scraper – INFO: ✅ Успешно: https://goldapple.ru/99000027900-new-year-s-magic | Время: 7.15 сек.
2025-03-23 11:33:59,581 – src.scraper – INFO: ✅ Успешно: https://goldapple.ru/26370100001-black-orchid | Время: 7.93 сек.
2025-03-23 11:34:08,929 – src.scraper – INFO: ✅ Успешно: https://goldapple.ru/19000042916-ginza-murasaki-eau-de-parfum | Время: 9.35 сек.
2025-03-23 11:34:17,986 – src.scraper – INFO: ✅ Успешно: https://goldapple.ru/19760313133-gardenia-cardamom | Время: 9.06 сек.
2025-03-23 11:34:23,612 – src.scraper – WARNING: ❎ Ошибка: https://goldapple.ru/19000118776-poppy | Исключение: 'NoneType' object has no attribute 'next_element'
2025-03-23 11:34:32,689 – src.scraper – INFO: ✅ Успешно: https://goldapple.ru/19000279937-good-girl-blush-elixir | Время: 9.08 сек.
2025-03-23 11:34:41,200 – src.scraper – INFO: ✅ Успешно: https://goldapple.ru/83670200007-secret-of-success | Время: 8.51 сек.
2025-03-23 11:34:50,787 – src.scraper – INFO: ✅ Успешно: https://goldapple.ru/19760320068-angel-s-share | Время: 9.59 сек.
2025-03-23 11:34:59,135 – src.scraper – INFO: ✅ Успешно: https://goldapple.ru/7430800004-pour-homme | Время: 8.35 сек.
2025-03-23 11:35:09,155 – src.scraper – INFO: ✅ Успешно: https://goldapple.ru/19000148362-divine-vanille | Время: 10.02 сек.
2025-03-23 11:35:18,454 – src.scraper – INFO: ✅ Успешно: https://goldapple.ru/7190300002-j-adore | Время: 9.3 сек.
2025-03-23 11:35:27,143 – src.scraper – INFO: ✅ Успешно: https://goldapple.ru/83810100003-the-botanist | Время: 8.69 сек.
2025-03-23 11:35:35,258 – src.scraper – INFO: ✅ Успешно: https://goldapple.ru/19000205786-cistyj-hlopok | Время: 8.12 сек.
2025-03-23 11:35:43,448 – src.scraper – INFO: ✅ Успешно: https://goldapple.ru/19000321561-verde-lorena | Время: 8.19 сек.
2025-03-23 11:35:52,108 – src.scraper – INFO: ✅ Успешно: https://goldapple.ru/19000038826-voyage-sur-la-route-des-epices | Время: 8.66 сек.
2025-03-23 11:36:00,395 – src.scraper – INFO: ✅ Успешно: https://goldapple.ru/19000253145-rosewood | Время: 8.29 сек.
2025-03-23 11:36:08,561 – src.scraper – INFO: ✅ Успешно: https://goldapple.ru/19000312562-her-elixir | Время: 8.17 сек.
2025-03-23 11:36:17,382 – src.scraper – INFO: ✅ Успешно: https://goldapple.ru/19000026991-fleur-d-oranger | Время: 8.82 сек.
2025-03-23 11:36:25,986 – src.scraper – INFO: ✅ Успешно: https://goldapple.ru/19000331096-rouge | Время: 8.6 сек.
2025-03-23 11:36:36,596 – src.scraper – INFO: ✅ Успешно: https://goldapple.ru/19760330826-scandal | Время: 10.61 сек.
2025-03-23 11:36:47,768 – src.scraper – INFO: ✅ Успешно: https://goldapple.ru/19000147913-agapi | Время: 11.17 сек.
2025-03-23 11:36:56,096 – src.scraper – INFO: ✅ Успешно: https://goldapple.ru/19000312026-07-salty-salt | Время: 8.33 сек.
2025-03-23 11:37:04,552 – src.scraper – INFO: ✅ Успешно: https://goldapple.ru/19000155350-cinnamon-bun | Время: 8.46 сек.
2025-03-23 11:37:13,408 – src.scraper – INFO: ✅ Успешно: https://goldapple.ru/7431400002-bright-crystal-absolu | Время: 8.86 сек.
2025-03-23 11:37:24,325 – src.scraper – INFO: ✅ Успешно: https://goldapple.ru/19000220504-gambit | Время: 10.92 сек.
2025-03-23 11:37:32,663 – src.scraper – INFO: ✅ Успешно: https://goldapple.ru/19000082716-sea-breeze | Время: 8.34 сек.
2025-03-23 11:37:41,083 – src.scraper – INFO: ✅ Успешно: https://goldapple.ru/19000257289-omnia-crystalline | Время: 8.42 сек.
2025-03-23 11:37:49,845 – src.scraper – INFO: ✅ Успешно: https://goldapple.ru/19000224421-sparkling-jo | Время: 8.76 сек.
2025-03-23 11:37:58,202 – src.scraper – INFO: ✅ Успешно: https://goldapple.ru/19000354576-les-soirs-de-siam | Время: 8.36 сек.
2025-03-23 11:38:07,492 – src.scraper – INFO: ✅ Успешно: https://goldapple.ru/19000026993-grenade | Время: 9.29 сек.
2025-03-23 11:38:15,980 – src.scraper – INFO: ✅ Успешно: https://goldapple.ru/99000005314-blue-s | Время: 8.49 сек.
2025-03-23 11:38:24,135 – src.scraper – INFO: ✅ Успешно: https://goldapple.ru/19000118957-tuberose-overdose | Время: 8.15 сек.
2025-03-23 11:38:32,383 – src.scraper – INFO: ✅ Успешно: https://goldapple.ru/19000196129-foglie-di-pomodoro | Время: 8.25 сек.
2025-03-23 11:38:40,632 – src.scraper – INFO: ✅ Успешно: https://goldapple.ru/19000247262-yoonseul-body-scrub-wash | Время: 8.25 сек.
2025-03-23 11:38:49,906 – src.scraper – INFO: ✅ Успешно: https://goldapple.ru/80111800002-euphoria | Время: 9.27 сек.
2025-03-23 11:38:57,942 – src.scraper – INFO: ✅ Успешно: https://goldapple.ru/7181300003-212vip-club | Время: 8.04 сек.
2025-03-23 11:39:07,463 – src.scraper – INFO: ✅ Успешно: https://goldapple.ru/19000150174-hors-piste | Время: 9.52 сек.
2025-03-23 11:39:16,268 – src.scraper – INFO: ✅ Успешно: https://goldapple.ru/19000107390-l-interdit | Время: 8.81 сек.
2025-03-23 11:39:24,547 – src.scraper – INFO: ✅ Успешно: https://goldapple.ru/19000310676-neroli-botanica | Время: 8.28 сек.
2025-03-23 11:39:32,985 – src.scraper – INFO: ✅ Успешно: https://goldapple.ru/19000048693-black-orchid-lily | Время: 8.44 сек.
2025-03-23 11:39:41,760 – src.scraper – INFO: ✅ Успешно: https://goldapple.ru/19000279942-le-beau-paradise-garden | Время: 8.78 сек.
2025-03-23 11:39:50,085 – src.scraper – INFO: ✅ Успешно: https://goldapple.ru/19000144780-cocaine-travel-set | Время: 8.32 сек.
2025-03-23 11:39:58,700 – src.scraper – INFO: ✅ Успешно: https://goldapple.ru/26731000001-la-tulipe | Время: 8.61 сек.
2025-03-23 11:40:08,706 – src.scraper – INFO: ✅ Успешно: https://goldapple.ru/19000196160-signoria-90-anniversario | Время: 10.01 сек.
2025-03-23 11:40:17,159 – src.scraper – INFO: ✅ Успешно: https://goldapple.ru/19000132892-neroli-woods | Время: 8.45 сек.
2025-03-23 11:40:25,491 – src.scraper – INFO: ✅ Успешно: https://goldapple.ru/19000107891-aqua-allegoria-mandarine-basilic | Время: 8.33 сек.
2025-03-23 11:40:33,881 – src.scraper – INFO: ✅ Успешно: https://goldapple.ru/19000118610-silver-cedar | Время: 8.39 сек.
2025-03-23 11:40:42,199 – src.scraper – INFO: ✅ Успешно: https://goldapple.ru/19000163479-beso-dorado | Время: 8.32 сек.
2025-03-23 11:40:50,379 – src.scraper – INFO: ✅ Успешно: https://goldapple.ru/19000279953-her-secret-absolu | Время: 8.18 сек.
2025-03-23 11:40:58,910 – src.scraper – INFO: ✅ Успешно: https://goldapple.ru/19000173773-l-eau-ensoleillee-de-rose | Время: 8.53 сек.
2025-03-23 11:41:07,773 – src.scraper – INFO: ✅ Успешно: https://goldapple.ru/19000173251-coda | Время: 8.86 сек.
2025-03-23 11:41:17,639 – src.scraper – INFO: ✅ Успешно: https://goldapple.ru/19000253143-wildbloom-rouge | Время: 9.87 сек.
2025-03-23 11:41:26,256 – src.scraper – INFO: ✅ Успешно: https://goldapple.ru/19000153646-coconut-cocktail | Время: 8.62 сек.
2025-03-23 11:41:34,576 – src.scraper – INFO: ✅ Успешно: https://goldapple.ru/26830600005-emotional-drop | Время: 8.32 сек.
2025-03-23 11:41:42,772 – src.scraper – INFO: ✅ Успешно: https://goldapple.ru/99000037116-vanilla-magnificence | Время: 8.2 сек.
2025-03-23 11:41:42,772 – src.scraper – INFO: 🏁 Скрапинг завершён: https://goldapple.ru/parfjumerija | Спарсено товаров: 520 | Время: 69.17 мин.
